C:\pol2\pkg\systems\daynight\wEffect.src, Line 11
program LightningEffect()
var daymoon := GetGlobalProperty("Weather");
0: decl local #0
1: "Weather"
2: Func(2,15): GetGlobalProperty
3: :=
4: #
var thundelay;
5: decl local #1
6: #
var plight;
7: decl local #2
8: #
var list := {};
9: decl local #3
10: array
11: :=
12: #
while (daymoon[7] == 4)
13: local #0
14: 7L
15: [] 1
16: 4L
17: ==
18: if false goto 94
daymoon := GetGlobalProperty("Weather");
19: "Weather"
20: Func(2,15): GetGlobalProperty
21: local0 := 
SetRegionLightLevel("Background", 0);
22: "Background"
23: 0L
24: Func(2,16): SetRegionLightLevel
25: #
foreach who in EnumerateOnlineCharacters()
26: Func(2,17): EnumerateOnlineCharacters
27: initforeach @47
if (who.x <= 5119)
28: local #4
29: get member 'x'
30: 5119L
31: <=
32: if false goto 47
if (RandomInt(10) >= 9)
33: 10L
34: Func(4,0): RandomInt
35: 9L
36: >=
37: if false goto 47
list.append(who.serial);
38: local #3
39: local #4
40: get member 'serial'
41: Call Method append (1 params)
42: #
DoBolt(who);
43: local #4
44: makelocal
45: jmp userfunc @96
46: #
47: stepforeach @28
48: leave block(3)
sleep(1);
49: 1L
50: Func(3,2): sleep
51: #
SetRegionLightLevel("Background", CInt(daymoon[6]));
52: "Background"
53: local #0
54: 6L
55: [] 1
56: Func(0,0): CInt
57: Func(2,16): SetRegionLightLevel
58: #
thundelay := RandomInt(5);
59: 5L
60: Func(4,0): RandomInt
61: local1 := 
sleep(thundelay);
62: local #1
63: Func(3,2): sleep
64: #
foreach who in EnumerateOnlineCharacters()
65: Func(2,17): EnumerateOnlineCharacters
66: initforeach @77
if (who.x <= 5119)
67: local #4
68: get member 'x'
69: 5119L
70: <=
71: if false goto 77
DoThunder(who,list);
72: local #4
73: local #3
74: makelocal
75: jmp userfunc @182
76: #
77: stepforeach @67
78: leave block(3)
list.erase(1);
79: local #3
80: 1L
81: Call Method erase (1 params)
82: #
var randompause := CInt(RandomInt(120));
83: decl local #0
84: 120L
85: Func(4,0): RandomInt
86: Func(0,0): CInt
87: :=
88: #
sleep(randompause);
89: local #4
90: Func(3,2): sleep
91: #
92: leave block(1)
93: goto13
94: leave block(4)
95: progend
C:\pol2\pkg\systems\daynight\wEffect.src, Line 41
function DoBolt(who)
96: pop param 'who'
if (who.multi)
97: local #0
98: get member 'multi'
99: if false goto 102
return;
100: ""
101: return
var xpos := who.x;
102: decl local #1
103: local #0
104: get member 'x'
105: :=
106: #
var ypos := who.y;
107: decl local #2
108: local #0
109: get member 'y'
110: :=
111: #
var xrand := RandomInt(20);
112: decl local #3
113: 20L
114: Func(4,0): RandomInt
115: :=
116: #
var yrand := RandomInt(20);
117: decl local #4
118: 20L
119: Func(4,0): RandomInt
120: :=
121: #
var props array;
122: decl local #5
123: declare array
124: #
props.+facing := who.facing;
125: local #5
126: "facing"
127: .+
128: local #0
129: get member 'facing'
130: := #
xpos := ((xpos - xrand) + 10);
131: local #1
132: local #3
133: -
134: 10L
135: +
136: local1 := 
ypos := ((ypos - yrand) + 10);
137: local #2
138: local #4
139: -
140: 10L
141: +
142: local2 := 
var zpos := GetMapInfo( xpos, ypos ).z;
143: decl local #6
144: local #1
145: local #2
146: Func(2,18): GetMapInfo
147: get member 'z'
148: :=
149: #
var mob := CreateNpcFromTemplate( "rabbit", xpos, ypos, zpos, props );
150: decl local #7
151: "rabbit"
152: local #1
153: local #2
154: local #6
155: local #5
156: Func(2,19): CreateNpcFromTemplate
157: :=
158: #
mob.invisible := 1;
159: local #7
160: 1L
161: set member 'invisible' #
SetObjProperty(mob, "guardkill", 1);
162: local #7
163: "guardkill"
164: 1L
165: Func(2,3): SetObjProperty
166: #
PlayLightningBoltEffect( mob );
167: local #7
168: Func(2,20): PlayLightningBoltEffect
169: #
PlaySoundEffect(who, SOUND_EFFECT_THUNDER);
170: local #0
171: 42L
172: Func(2,21): PlaySoundEffect
173: #
ApplyRawDamage( mob, GetHp(mob) );;
174: local #7
175: local #7
176: makelocal
177: jmp userfunc @227
178: Func(2,22): ApplyRawDamage
179: #
;
180: 0L
181: return
C:\pol2\pkg\systems\daynight\wEffect.src, Line 62
function DoThunder(who,list)
182: pop param 'list'
183: pop param 'who'
var counter := list.size();
184: decl local #2
185: local #0
186: Call Method size (0 params)
187: :=
188: #
var i;
189: decl local #3
190: #
if (!list)
191: local #0
192: if true goto 199
PlaySoundEffect(who, SOUND_EFFECT_THUNDER);
193: local #1
194: 42L
195: Func(2,21): PlaySoundEffect
196: #
return;
197: ""
198: return
for (i := 1; i <= counter; i := i + 1);
199: local #3
200: 1L
201: :=
202: #
203: local #3
204: local #2
205: <=
206: if false goto 225
if (who.serial != list[i])
207: local #1
208: get member 'serial'
209: local #0
210: local #3
211: [] 1
212: <>
213: if false goto 218
PlaySoundEffect(who, SOUND_EFFECT_THUNDER);
214: local #1
215: 42L
216: Func(2,21): PlaySoundEffect
217: #
218: local #3
219: local #3
220: 1L
221: +
222: :=
223: #
224: goto203
225: 0L
226: return
C:/pol2/scripts/include/attributes.inc, Line 448
function GetHp(who)
227: pop param 'who'
return Cint(GetVital(who, VITALID_LIFE)/ 100);
228: local #0
229: "Life"
230: Func(2,10): GetVital
231: 100L
232: /
233: Func(0,0): CInt
234: return
