Exported Functions:
   PC  Args  Name
    3     1  GetAuthor
   29     2  GetLine
   72     1  GetNumLines
   83     1  GetTitle
   93     1  IsWritable
C:\pol2\pkg\items\sysbook\readOnly.src, Line 43
program BookInterface()
return 1;
0: 1L
1: progend
2: progend
C:\pol2\pkg\items\sysbook\readOnly.src, Line 21
exported function GetAuthor(book)
3: makelocal
4: jmp userfunc @6
5: progend
6: pop param 'book'
return GetBookElem(book).getprop("author");
7: local #0
8: makelocal
9: jmp userfunc @13
10: "author"
11: Call Method getprop (1 params)
12: return
C:\pol2\pkg\items\sysbook\readOnly.src, Line 3
function GetBookElem(book)
13: pop param 'book'
var bookid := book.getprop("bookid");
14: decl local #1
15: local #0
16: "bookid"
17: Call Method getprop (1 params)
18: :=
19: #
var df := OpenDataFile("staticbooks");
20: decl local #2
21: "staticbooks"
22: Func(2,0): OpenDataFile
23: :=
24: #
return df.FindElement(bookid);
25: local #2
26: local #1
27: Call Method findelement (1 params)
28: return
C:\pol2\pkg\items\sysbook\readOnly.src, Line 25
exported function GetLine(book, line)
29: makelocal
30: jmp userfunc @32
31: progend
32: pop param 'line'
33: pop param 'book'
var contents := GetBookElem(book).getprop("contents");
34: decl local #2
35: local #1
36: makelocal
37: jmp userfunc @13
38: "contents"
39: Call Method getprop (1 params)
40: :=
41: #
if(contents == error)
42: local #2
43: error
44: ==
45: if false goto 48
contents := array;
46: array
47: local2 := 
if(line <= contents.size())
48: local #0
49: local #2
50: Call Method size (0 params)
51: <=
52: if false goto 68
var text := contents[line];
53: decl local #0
54: local #2
55: local #0
56: [] 1
57: :=
58: #
if(text)
59: local #3
60: if false goto 64
return text;
61: local #3
62: return
63: goto66
return "";
64: ""
65: return
66: leave block(1)
67: goto70
return "";
68: ""
69: return
70: 0L
71: return
C:\pol2\pkg\items\sysbook\readOnly.src, Line 13
exported function GetNumLines(book)
72: makelocal
73: jmp userfunc @75
74: progend
75: pop param 'book'
return GetBookElem(book).getprop("contents").size();
76: local #0
77: makelocal
78: jmp userfunc @13
79: "contents"
80: Call Method getprop (1 params)
81: Call Method size (0 params)
82: return
C:\pol2\pkg\items\sysbook\readOnly.src, Line 17
exported function GetTitle(book)
83: makelocal
84: jmp userfunc @86
85: progend
86: pop param 'book'
return GetBookElem(book).getprop("title");
87: local #0
88: makelocal
89: jmp userfunc @13
90: "title"
91: Call Method getprop (1 params)
92: return
C:\pol2\pkg\items\sysbook\readOnly.src, Line 9
exported function IsWritable(book)
93: makelocal
94: jmp userfunc @96
95: progend
96: pop param 'book'
return 0;
97: 0L
98: return
