C:\pol2\pkg\items\sysbook\start.src, Line 18
program InitBookDatastore()
var i,j,pages,entry,title,author,counter,bookstr;
0: decl local #0
1: #
2: decl local #1
3: #
4: decl local #2
5: #
6: decl local #3
7: #
8: decl local #4
9: #
10: decl local #5
11: #
12: decl local #6
13: #
14: decl local #7
15: #
var books:= ReadConfigFile("zulubooks");
16: decl local #8
17: "zulubooks"
18: Func(3,0): ReadConfigFile
19: :=
20: #
var thebooks:=GetConfigStringKeys(books);
21: decl local #9
22: local #8
23: Func(3,1): GetConfigStringKeys
24: :=
25: #
var df := CreateDataFile("staticbooks", DF_KEYTYPE_INTEGER);
26: decl local #10
27: "staticbooks"
28: 1L
29: Func(2,0): CreateDataFile
30: :=
31: #
foreach bookitem in thebooks
32: local #9
33: initforeach @128
bookitem:=CInt(bookitem);
34: local #11
35: Func(0,0): CInt
36: local11 := 
if(!BookExists(df,bookitem))
37: local #10
38: local #11
39: makelocal
40: jmp userfunc @139
41: if true goto 128
counter:=1;
42: 1L
43: local6 := 
bookstr:={};
44: array
45: local7 := 
pages:=CInt(books[bookitem].pages);
46: local #8
47: local #11
48: [] 1
49: get member 'pages'
50: Func(0,0): CInt
51: local2 := 
title:=(books[bookitem].title);
52: local #8
53: local #11
54: [] 1
55: get member 'title'
56: local4 := 
author:=(books[bookitem].author);
57: local #8
58: local #11
59: [] 1
60: get member 'author'
61: local5 := 
for(i:=1;i<=pages;i:=i+1)
62: local #0
63: 1L
64: :=
65: #
66: local #0
67: local #2
68: <=
69: if false goto 120
for(j:=1;j<=8;j:=j+1)
70: local #1
71: 1L
72: :=
73: #
74: local #1
75: 8L
76: <=
77: if false goto 113
entry:=GetConfigString(books[bookitem], "p"+i+"l"+j);
78: local #8
79: local #11
80: [] 1
81: "p"
82: local #0
83: +
84: "l"
85: +
86: local #1
87: +
88: Func(3,2): GetConfigString
89: local3 := 
if(!entry.errortext)
90: local #3
91: get member 'errortext'
92: if true goto 98
bookstr[counter]:=entry;
93: local #7
94: local #6
95: local #3
96: [] := (1) #
97: goto102
bookstr[counter]:=" ";
98: local #7
99: local #6
100: " "
101: [] := (1) #
counter:=counter+1;
102: local #6
103: 1L
104: +
105: local6 := 
106: local #1
107: local #1
108: 1L
109: +
110: :=
111: #
112: goto74
113: local #0
114: local #0
115: 1L
116: +
117: :=
118: #
119: goto66
CreateBook(df,bookitem,title,author,bookstr);
120: local #10
121: local #11
122: local #4
123: local #5
124: local #7
125: makelocal
126: jmp userfunc @147
127: #
128: stepforeach @34
129: leave block(3)
UnloadConfigFile("zulubooks");
130: "zulubooks"
131: Func(3,3): UnloadConfigFile
132: #
start_script("shelfStock");
133: "shelfStock"
134: 0L
135: Func(4,0): start_script
136: #
137: leave block(11)
138: progend
C:\pol2\pkg\items\sysbook\start.src, Line 6
function BookExists(df, bookid)
139: pop param 'bookid'
140: pop param 'df'
return(df.FindElement(bookid) != error);
141: local #1
142: local #0
143: Call Method findelement (1 params)
144: error
145: <>
146: return
C:\pol2\pkg\items\sysbook\start.src, Line 10
function CreateBook(df, bookid, title, author, contents)
147: pop param 'contents'
148: pop param 'author'
149: pop param 'title'
150: pop param 'bookid'
151: pop param 'df'
var elem := df.CreateElement(bookid);
152: decl local #5
153: local #4
154: local #3
155: Call Method createelement (1 params)
156: :=
157: #
elem.SetProp("author", author);
158: local #5
159: "author"
160: local #1
161: Call Method setprop (2 params)
162: #
elem.SetProp("title", title);
163: local #5
164: "title"
165: local #2
166: Call Method setprop (2 params)
167: #
elem.SetProp("contents", contents);
168: local #5
169: "contents"
170: local #0
171: Call Method setprop (2 params)
172: #
173: 0L
174: return
