C:\pol2\pkg\items\doors\closeDoor.src, Line 8
program close_door(door)
const SKILLID__HIGHEST          := 48;
0: get arg 'door'
var doordesc := ReadConfigFile("itemdesc");
1: decl local #1
2: "itemdesc"
3: Func(2,0): ReadConfigFile
4: :=
5: #
var xmod := CInt(doordesc[door.objtype].xmod);
6: decl local #2
7: local #1
8: local #0
9: get member 'objtype'
10: [] 1
11: get member 'xmod'
12: Func(0,0): CInt
13: :=
14: #
var ymod := CInt(doordesc[door.objtype].ymod);
15: decl local #3
16: local #1
17: local #0
18: get member 'objtype'
19: [] 1
20: get member 'ymod'
21: Func(0,0): CInt
22: :=
23: #
var newx := (door.x - xmod);
24: decl local #4
25: local #0
26: get member 'x'
27: local #2
28: -
29: :=
30: #
var newy := (door.y - ymod);
31: decl local #5
32: local #0
33: get member 'y'
34: local #3
35: -
36: :=
37: #
var newz := (door.z);
38: decl local #6
39: local #0
40: get member 'z'
41: :=
42: #
var closesound;
43: decl local #7
44: #
var opensound;
45: decl local #8
46: #
case(doordesc[door.objtype].doortype)
47: local #1
48: local #0
49: get member 'objtype'
50: [] 1
51: get member 'doortype'
52: casejmp
	"stone": @53
	"wood": @58
	"metal": @63
	default: @67
opensound := SFX_OPEN_METAL_DOOR;
53: 237L
54: local8 := 
closesound := SFX_CLOSE_METAL_DOOR;
55: 244L
56: local7 := 
57: goto67
opensound := SFX_OPEN_WOODEN_DOOR;
58: 235L
59: local8 := 
closesound := SFX_CLOSE_WOODEN_DOOR;
60: 242L
61: local7 := 
62: goto67
opensound := SFX_OPEN_METAL_DOOR;
63: 237L
64: local8 := 
closesound := SFX_CLOSE_METAL_DOOR;
65: 244L
66: local7 := 
while(1);
67: 1L
68: if false goto 140
if (!GetObjProperty( door, "WhenOpened"))
69: local #0
70: "WhenOpened"
71: Func(3,0): GetObjProperty
72: if true goto 75
return;
73: ""
74: progend
var people := len(ListMobilesNearLocation( newx, newy, newz, 0));
75: decl local #0
76: local #4
77: local #5
78: local #6
79: 0L
80: Func(3,1): ListMobilesNearLocation
81: Func(0,1): len
82: :=
83: #
var hidden := len(ListMobilesNearLocationEx(newx, newy, newz, 0, LISTEX_FLAG_HI
84: decl local #1
85: local #4
86: local #5
87: local #6
88: 0L
89: 2L
90: Func(3,2): ListMobilesNearLocationEx
91: Func(0,1): len
92: :=
93: #
if((people == 0) && (hidden == 0));
94: local #9
95: 0L
96: ==
97: local #10
98: 0L
99: ==
100: &&
101: if false goto 135
set_critical(1);
102: 1L
103: Func(4,0): set_critical
104: #
PlaySoundEffect( door, closesound );
105: local #0
106: local #7
107: Func(3,3): PlaySoundEffect
108: #
door.graphic := door.objtype;
109: local #0
110: local #0
111: get member 'objtype'
112: set member 'graphic' #
door.movable := 1;
113: local #0
114: 1L
115: set member 'movable' #
MoveItemToLocation(door, newx, newy, newz, MOVEITEM_FORCELOCATION);
116: local #0
117: local #4
118: local #5
119: local #6
120: 1073741824L
121: Func(3,4): MoveItemToLocation
122: #
door.movable := 0;
123: local #0
124: 0L
125: set member 'movable' #
EraseObjProperty( door, "WhenOpened" );
126: local #0
127: "WhenOpened"
128: Func(3,5): EraseObjProperty
129: #
set_critical(0);
130: 0L
131: Func(4,0): set_critical
132: #
break;
133: leave block(2)
134: goto140
sleep(1);
135: 1L
136: Func(4,1): sleep
137: #
138: leave block(2)
139: goto67
140: leave block(9)
141: progend
