C:\pol2\pkg\items\doors\openDoor.src, Line 8
program open_door(door)
const SKILLID__HIGHEST          := 48;
0: get arg 'door'
var doordesc := ReadConfigFile("itemdesc");
1: decl local #1
2: "itemdesc"
3: Func(2,0): ReadConfigFile
4: :=
5: #
var xmod := CInt(doordesc[door.objtype].xmod);
6: decl local #2
7: local #1
8: local #0
9: get member 'objtype'
10: [] 1
11: get member 'xmod'
12: Func(0,0): CInt
13: :=
14: #
var ymod := CInt(doordesc[door.objtype].ymod);
15: decl local #3
16: local #1
17: local #0
18: get member 'objtype'
19: [] 1
20: get member 'ymod'
21: Func(0,0): CInt
22: :=
23: #
var newx := (door.x + xmod);
24: decl local #4
25: local #0
26: get member 'x'
27: local #2
28: +
29: :=
30: #
var newy := (door.y + ymod);
31: decl local #5
32: local #0
33: get member 'y'
34: local #3
35: +
36: :=
37: #
var newz := door.z;
38: decl local #6
39: local #0
40: get member 'z'
41: :=
42: #
var closesound, opensound;
43: decl local #7
44: #
45: decl local #8
46: #
case (doordesc[door.objtype].doortype)
47: local #1
48: local #0
49: get member 'objtype'
50: [] 1
51: get member 'doortype'
52: casejmp
	"stone": @53
	"wood": @58
	"metal": @63
	default: @67
opensound := SFX_OPEN_METAL_DOOR;
53: 237L
54: local8 := 
closesound := SFX_CLOSE_METAL_DOOR;
55: 244L
56: local7 := 
57: goto67
opensound := SFX_OPEN_WOODEN_DOOR;
58: 235L
59: local8 := 
closesound := SFX_CLOSE_WOODEN_DOOR;
60: 242L
61: local7 := 
62: goto67
opensound := SFX_OPEN_METAL_DOOR;
63: 237L
64: local8 := 
closesound := SFX_CLOSE_METAL_DOOR;
65: 244L
66: local7 := 
var opengraphic := GetObjProperty(door, "opengraphic");
67: decl local #9
68: local #0
69: "opengraphic"
70: Func(3,0): GetObjProperty
71: :=
72: #
if((!opengraphic) || (opengraphic == ""))
73: local #9
74: !
75: local #9
76: ""
77: ==
78: ||
79: if false goto 85
opengraphic := door.graphic + 1;
80: local #0
81: get member 'graphic'
82: 1L
83: +
84: local9 := 
var whenopened := ReadGameClock();
85: decl local #10
86: Func(3,1): ReadGameClock
87: :=
88: #
if(GetObjProperty( door, "WhenOpened"))
89: local #0
90: "WhenOpened"
91: Func(3,0): GetObjProperty
92: if false goto 95
return;
93: ""
94: progend
set_critical(1);
95: 1L
96: Func(4,0): set_critical
97: #
PlaySoundEffect( door, opensound );
98: local #0
99: local #8
100: Func(3,2): PlaySoundEffect
101: #
door.graphic := opengraphic;
102: local #0
103: local #9
104: set member 'graphic' #
door.movable := 1;
105: local #0
106: 1L
107: set member 'movable' #
MoveItemToLocation(door, newx, newy, newz, MOVEITEM_FORCELOCATION);
108: local #0
109: local #4
110: local #5
111: local #6
112: 1073741824L
113: Func(3,3): MoveItemToLocation
114: #
door.movable := 0;
115: local #0
116: 0L
117: set member 'movable' #
SetObjProperty( door, "WhenOpened", whenopened );
118: local #0
119: "WhenOpened"
120: local #10
121: Func(3,4): SetObjProperty
122: #
set_critical(0);
123: 0L
124: Func(4,0): set_critical
125: #
sleep( 10 );
126: 10L
127: Func(4,1): sleep
128: #
if(GetObjProperty( door, "WhenOpened" ))
129: local #0
130: "WhenOpened"
131: Func(3,0): GetObjProperty
132: if false goto 137
start_script(":doors:closeDoor", door);
133: ":doors:closeDoor"
134: local #0
135: Func(4,2): start_script
136: #
137: leave block(11)
138: progend
