C:\pol2\pkg\tools\gmtools\greyItem.src, Line 5
program grey(me,item)
const VITALID_STAMINA              := "Stamina";
0: get arg 'me'
1: get arg 'item'
if (me.cmdlevel < 2)
2: local #0
3: get member 'cmdlevel'
4: 2L
5: <
6: if false goto 9
return;
7: ""
8: progend
SetScriptController( me );
9: local #0
10: Func(2,15): SetScriptController
11: #
if (item.color == 910)
12: local #1
13: get member 'color'
14: 910L
15: ==
16: if false goto 28
item.color := 88;
17: local #1
18: 88L
19: set member 'color' #
SendSysMessage(me, "Criminal flag will expire in under two minutes.");
20: local #0
21: "Criminal flag will expire in under two minutes."
22: 3L
23: 1000L
24: Func(2,16): SendSysMessage
25: #
return;
26: ""
27: progend
item.color := 910;
28: local #1
29: 910L
30: set member 'color' #
var parms := {};
31: decl local #2
32: array
33: :=
34: #
parms.+alignment := "good";
35: local #2
36: "alignment"
37: .+
38: "good"
39: := #
parms.+name := me.name + "'s whipping boy";
40: local #2
41: "name"
42: .+
43: local #0
44: get member 'name'
45: "'s whipping boy"
46: +
47: := #
var boy := CreateNpcFromTemplate("person",5275,1174,0,parms);
48: decl local #3
49: "person"
50: 5275L
51: 1174L
52: 0L
53: local #2
54: Func(2,17): CreateNpcFromTemplate
55: :=
56: #
boy.frozen := 1;
57: local #3
58: 1L
59: set member 'frozen' #
boy.invisible := 1;
60: local #3
61: 1L
62: set member 'invisible' #
boy.squelch(0);
63: local #3
64: 0L
65: Call Method squelch (1 params)
66: #
Detach();
67: Func(2,18): Detach
68: #
if (!boy)
69: local #3
70: if true goto 83
SendSysMessage(me,"Sorry, unable to create the whipping boy");
71: local #0
72: "Sorry, unable to create the whipping boy"
73: 3L
74: 1000L
75: Func(2,16): SendSysMessage
76: #
item.color := 88;
77: local #1
78: 88L
79: set member 'color' #
return;
80: ""
81: progend
82: goto108
boy.frozen := 1;
83: local #3
84: 1L
85: set member 'frozen' #
set_critical(0);
86: 0L
87: Func(3,0): set_critical
88: #
SendSysMessage(me, "You are now flagged criminal");
89: local #0
90: "You are now flagged criminal"
91: 3L
92: 1000L
93: Func(2,16): SendSysMessage
94: #
ApplyDamage(boy,1);
95: local #3
96: 1L
97: Func(2,19): ApplyDamage
98: #
SetHp(boy, boy.maxhp);
99: local #3
100: local #3
101: get member 'maxhp'
102: makelocal
103: jmp userfunc @167
104: #
sleep(120);
105: 120L
106: Func(3,2): sleep
107: #
while (item.color == 910)
108: local #1
109: get member 'color'
110: 910L
111: ==
112: if false goto 133
SendSysMessage(me, "Still grey");
113: local #0
114: "Still grey"
115: 3L
116: 1000L
117: Func(2,16): SendSysMessage
118: #
ApplyDamage(boy,1);
119: local #3
120: 1L
121: Func(2,19): ApplyDamage
122: #
SetHp(boy, boy.maxhp);
123: local #3
124: local #3
125: get member 'maxhp'
126: makelocal
127: jmp userfunc @167
128: #
sleep(120);
129: 120L
130: Func(3,2): sleep
131: #
132: goto108
SetScriptController( 0 );
133: 0L
134: Func(2,15): SetScriptController
135: #
RevokePrivilege( boy, "invul" );
136: local #3
137: "invul"
138: Func(2,20): RevokePrivilege
139: #
SetObjProperty(boy,"guardkill",1);
140: local #3
141: "guardkill"
142: 1L
143: Func(2,3): SetObjProperty
144: #
ApplyRawDamage( boy, GetMaxHp(boy) );
145: local #3
146: local #3
147: makelocal
148: jmp userfunc @159
149: Func(2,21): ApplyRawDamage
150: #
SendSysMessage(me, "Criminal flag has expired");
151: local #0
152: "Criminal flag has expired"
153: 3L
154: 1000L
155: Func(2,16): SendSysMessage
156: #
157: leave block(4)
158: progend
C:/pol2/scripts/include/attributes.inc, Line 464
function GetMaxHp(who)
159: pop param 'who'
return Cint(GetVitalMaximumValue(who, VITALID_LIFE)/ 100);
160: local #0
161: "Life"
162: Func(2,11): GetVitalMaximumValue
163: 100L
164: /
165: Func(0,0): CInt
166: return
C:/pol2/scripts/include/attributes.inc, Line 893
function SetHp(who, hp)
167: pop param 'hp'
168: pop param 'who'
return SetVital(who, VITALID_LIFE, Cint(hp*100));
169: local #1
170: "Life"
171: local #0
172: 100L
173: *
174: Func(0,0): CInt
175: Func(2,14): SetVital
176: return
