C:\pol2\pkg\tools\gmtools\itemAddSet.src, Line 3
program itemaddset( who, item)
use os;
0: get arg 'who'
1: get arg 'item'
if (who.cmdlevel < 2)
2: local #0
3: get member 'cmdlevel'
4: 2L
5: <
6: if false goto 9
return;
7: ""
8: progend
var totalthings := GetObjProperty(item,"totalthings");
9: decl local #2
10: local #1
11: "totalthings"
12: Func(2,0): GetObjProperty
13: :=
14: #
var itemtotal := len(totalthings);
15: decl local #3
16: local #2
17: Func(0,0): len
18: :=
19: #
var i :=1;
20: decl local #4
21: 1L
22: :=
23: #
SendSysMessage(who,"where do you want this to appear?");
24: local #0
25: "where do you want this to appear?"
26: 3L
27: 1000L
28: Func(2,1): SendSysMessage
29: #
var where := TargetCoordinates(who);
30: decl local #5
31: local #0
32: Func(2,2): TargetCoordinates
33: :=
34: #
for (i:=1;i<=itemtotal;i:=i+1)
35: local #4
36: 1L
37: :=
38: #
39: local #4
40: local #3
41: <=
42: if false goto 95
var iteminfo := GetObjProperty(item, "iteminfo" +i);
43: decl local #0
44: local #1
45: "iteminfo"
46: local #4
47: +
48: Func(2,0): GetObjProperty
49: :=
50: #
var theitem := CreateItemAtLocation(where.x+iteminfo[1], where.y+iteminfo[2], w
51: decl local #1
52: local #5
53: get member 'x'
54: local #6
55: 1L
56: [] 1
57: +
58: local #5
59: get member 'y'
60: local #6
61: 2L
62: [] 1
63: +
64: local #5
65: get member 'z'
66: local #6
67: 3L
68: [] 1
69: +
70: local #2
71: local #4
72: [] 1
73: 1L
74: Func(2,3): CreateItemAtLocation
75: :=
76: #
theitem.color := iteminfo[4];
77: local #7
78: local #6
79: 4L
80: [] 1
81: set member 'color' #
theitem.movable := iteminfo[5];
82: local #7
83: local #6
84: 5L
85: [] 1
86: set member 'movable' #
87: leave block(2)
88: local #4
89: local #4
90: 1L
91: +
92: :=
93: #
94: goto39
95: leave block(6)
96: progend
