C:\pol2\pkg\tools\gmtools\jailkeeper.src, Line 6
program jailkeeper()
var relday;
0: decl local #0
1: #
var elem;
2: decl local #1
3: #
var act;
4: decl local #2
5: #
var ppl;
6: decl local #3
7: #
while(1)
8: 1L
9: if false goto 66
ppl := EnumerateOnlineCharacters();
10: Func(2,0): EnumerateOnlineCharacters
11: local3 := 
var accounts := ListAccounts();
12: decl local #0
13: Func(2,1): ListAccounts
14: :=
15: #
foreach account in accounts
16: local #4
17: initforeach @59
act := FindAccount(account);
18: local #5
19: Func(2,2): FindAccount
20: local2 := 
relday := act.getprop("releaseday");
21: local #2
22: "releaseday"
23: Call Method getprop (1 params)
24: local0 := 
if (relday)
25: local #0
26: if false goto 59
if (ReadGameClock() >= CInt(relday))
27: Func(2,3): ReadGameClock
28: local #0
29: Func(0,0): CInt
30: >=
31: if false goto 59
foreach person in ppl
32: local #3
33: initforeach @49
if (person.cmdlevel > 0)
34: local #8
35: get member 'cmdlevel'
36: 0L
37: >
38: if false goto 49
SendSysMessage(person, "releasing account " + account + " from jail!");
39: local #8
40: "releasing account "
41: local #5
42: +
43: " from jail!"
44: +
45: 3L
46: 1000L
47: Func(2,4): SendSysMessage
48: #
49: stepforeach @34
50: leave block(3)
act.enable();
51: local #2
52: Call Method enable (0 params)
53: #
act.setprop("releaseday", 0);
54: local #2
55: "releaseday"
56: 0L
57: Call Method setprop (2 params)
58: #
59: stepforeach @18
60: leave block(3)
sleep(3600);
61: 3600L
62: Func(3,0): sleep
63: #
64: leave block(1)
65: goto8
66: leave block(4)
67: progend
