C:\pol2\pkg\items\sysbook\textcmd\admin\shelfclear.src, Line 4
program textcmd_shelfclear(who)
use os;
0: get arg 'who'
var count := 0;
1: decl local #1
2: 0L
3: :=
4: #
var shelf;
5: decl local #2
6: #
var shelves := {};
7: decl local #3
8: array
9: :=
10: #
var ct1 := 0, ct2 := 0;
11: decl local #4
12: 0L
13: :=
14: #
15: decl local #5
16: 0L
17: :=
18: #
var globalshelves := GetGlobalProperty("shelves");
19: decl local #6
20: "shelves"
21: Func(2,0): GetGlobalProperty
22: :=
23: #
foreach thing in globalshelves
24: local #6
25: initforeach @60
shelf := SystemFindObjectBySerial(thing);
26: local #7
27: 0L
28: Func(2,1): SystemFindObjectBySerial
29: local2 := 
if(shelf)
30: local #2
31: if false goto 53
foreach book in EnumerateItemsInContainer(shelf)
32: local #2
33: Func(2,2): EnumerateItemsInContainer
34: initforeach @42
count := count + 1;
35: local #1
36: 1L
37: +
38: local1 := 
DestroyItem(book);
39: local #10
40: Func(2,3): DestroyItem
41: #
42: stepforeach @35
43: leave block(3)
shelves.append(thing.serial);
44: local #3
45: local #7
46: get member 'serial'
47: Call Method append (1 params)
48: #
ct1 := ct1 + 1;
49: local #4
50: 1L
51: +
52: local4 := 
ct2 := ct2 + 1;
53: local #5
54: 1L
55: +
56: local5 := 
sleepms(1);
57: 1L
58: Func(3,0): sleepms
59: #
60: stepforeach @26
61: leave block(3)
SetGlobalProperty("shelves", shelves);
62: "shelves"
63: local #3
64: Func(2,4): SetGlobalProperty
65: #
sendsysmessage(who, "Total Books Destroyed: " + count);
66: local #0
67: "Total Books Destroyed: "
68: local #1
69: +
70: 3L
71: 1000L
72: Func(2,5): SendSysMessage
73: #
SendSysMessage(who, "Wiping " + (ct2 - ct1) + " shelves out of " + ct2);
74: local #0
75: "Wiping "
76: local #5
77: local #4
78: -
79: +
80: " shelves out of "
81: +
82: local #5
83: +
84: 3L
85: 1000L
86: Func(2,5): SendSysMessage
87: #
88: leave block(7)
89: progend
